0 info it worked if it ends with ok
1 verbose cli [ 'C:\\Program Files\\nodejs\\node.exe',
1 verbose cli   'C:\\Program Files\\nodejs\\node_modules\\npm\\bin\\npm-cli.js',
1 verbose cli   'run',
1 verbose cli   'server:dev' ]
2 info using npm@3.10.8
3 info using node@v6.9.1
4 verbose run-script [ 'preserver:dev', 'server:dev', 'postserver:dev' ]
5 info lifecycle angular2-webpack-starter@5.1.1~preserver:dev: angular2-webpack-starter@5.1.1
6 silly lifecycle angular2-webpack-starter@5.1.1~preserver:dev: no script for preserver:dev, continuing
7 info lifecycle angular2-webpack-starter@5.1.1~server:dev: angular2-webpack-starter@5.1.1
8 verbose lifecycle angular2-webpack-starter@5.1.1~server:dev: unsafe-perm in lifecycle true
9 verbose lifecycle angular2-webpack-starter@5.1.1~server:dev: PATH: C:\Program Files\nodejs\node_modules\npm\bin\node-gyp-bin;C:\npm\claoudiaNode\node_modules\.bin;C:\Program Files\nodejs\node_modules\npm\bin\node-gyp-bin;C:\npm\claoudiaNode\node_modules\.bin;C:\cygwin64\usr\local\bin;C:\cygwin64\bin;C:\ProgramData\Oracle\Java\javapath;C:\Windows\system32;C:\Windows;C:\Windows\System32\Wbem;C:\Windows\System32\WindowsPowerShell\v1.0;C:\Program Files (x86)\Brackets\command;C:\Program Files\Git\cmd;C:\Windows\SysWow64\config\systemprofile\.dnx\bin;C:\Program Files\Microsoft DNX\Dnvm;C:\Program Files\Microsoft SQL Server\130\Tools\Binn;C:\Program Files\nodejs;C:\Go\bin;C:\Users\dcasier-ext\AppData\Local\atom\bin;C:\Users\dcasier-ext\AppData\Roaming\npm;C:\Go\bin;C:\Go\work\bin
10 verbose lifecycle angular2-webpack-starter@5.1.1~server:dev: CWD: C:\npm\claoudiaNode
11 silly lifecycle angular2-webpack-starter@5.1.1~server:dev: Args: [ '/d /s /c',
11 silly lifecycle   'webpack-dev-server --config config/webpack.dev.js --progress --profile --watch --content-base src/' ]
12 silly lifecycle angular2-webpack-starter@5.1.1~server:dev: Returned: code: 1  signal: null
13 info lifecycle angular2-webpack-starter@5.1.1~server:dev: Failed to exec server:dev script
14 verbose stack Error: angular2-webpack-starter@5.1.1 server:dev: `webpack-dev-server --config config/webpack.dev.js --progress --profile --watch --content-base src/`
14 verbose stack Exit status 1
14 verbose stack     at EventEmitter.<anonymous> (C:\Program Files\nodejs\node_modules\npm\lib\utils\lifecycle.js:255:16)
14 verbose stack     at emitTwo (events.js:106:13)
14 verbose stack     at EventEmitter.emit (events.js:191:7)
14 verbose stack     at ChildProcess.<anonymous> (C:\Program Files\nodejs\node_modules\npm\lib\utils\spawn.js:40:14)
14 verbose stack     at emitTwo (events.js:106:13)
14 verbose stack     at ChildProcess.emit (events.js:191:7)
14 verbose stack     at maybeClose (internal/child_process.js:877:16)
14 verbose stack     at Process.ChildProcess._handle.onexit (internal/child_process.js:226:5)
15 verbose pkgid angular2-webpack-starter@5.1.1
16 verbose cwd C:\npm\claoudiaNode
17 error Windows_NT 6.1.7601
18 error argv "C:\\Program Files\\nodejs\\node.exe" "C:\\Program Files\\nodejs\\node_modules\\npm\\bin\\npm-cli.js" "run" "server:dev"
19 error node v6.9.1
20 error npm  v3.10.8
21 error code ELIFECYCLE
22 error angular2-webpack-starter@5.1.1 server:dev: `webpack-dev-server --config config/webpack.dev.js --progress --profile --watch --content-base src/`
22 error Exit status 1
23 error Failed at the angular2-webpack-starter@5.1.1 server:dev script 'webpack-dev-server --config config/webpack.dev.js --progress --profile --watch --content-base src/'.
23 error Make sure you have the latest version of node.js and npm installed.
23 error If you do, this is most likely a problem with the angular2-webpack-starter package,
23 error not with npm itself.
23 error Tell the author that this fails on your system:
23 error     webpack-dev-server --config config/webpack.dev.js --progress --profile --watch --content-base src/
23 error You can get information on how to open an issue for this project with:
23 error     npm bugs angular2-webpack-starter
23 error Or if that isn't available, you can get their info via:
23 error     npm owner ls angular2-webpack-starter
23 error There is likely additional logging output above.
24 verbose exit [ 1, true ]
